{
  "0 debug pnpm:scope": {
    "selected": 1,
    "workspacePrefix": "/Users/maxgreenwald/Code/next-tmp"
  },
  "1 info pnpm": {
    "err": {
      "name": "Error",
      "message": "not found: next",
      "code": "ENOENT",
      "stack": "Error: not found: next\n    at getNotFoundError (/Users/maxgreenwald/.node_modules_global/lib/node_modules/pnpm/dist/pnpm.cjs:36327:51)\n    at Function.whichSync [as sync] (/Users/maxgreenwald/.node_modules_global/lib/node_modules/pnpm/dist/pnpm.cjs:36404:13)\n    at getCommandAbsolutePathSync (/Users/maxgreenwald/.node_modules_global/lib/node_modules/pnpm/dist/pnpm.cjs:37969:44)\n    at default_1 (/Users/maxgreenwald/.node_modules_global/lib/node_modules/pnpm/dist/pnpm.cjs:37978:32)\n    at /Users/maxgreenwald/.node_modules_global/lib/node_modules/pnpm/dist/pnpm.cjs:130156:39"
    }
  },
  "2 error pnpm": {
    "code": "ERR_PNPM_RECURSIVE_EXEC_FIRST_FAIL",
    "prefix": "/Users/maxgreenwald/Code/next-tmp",
    "err": {
      "name": "pnpm",
      "message": "not found: next",
      "code": "ERR_PNPM_RECURSIVE_EXEC_FIRST_FAIL",
      "stack": "Error: not found: next\n    at getNotFoundError (/Users/maxgreenwald/.node_modules_global/lib/node_modules/pnpm/dist/pnpm.cjs:36327:51)\n    at Function.whichSync [as sync] (/Users/maxgreenwald/.node_modules_global/lib/node_modules/pnpm/dist/pnpm.cjs:36404:13)\n    at getCommandAbsolutePathSync (/Users/maxgreenwald/.node_modules_global/lib/node_modules/pnpm/dist/pnpm.cjs:37969:44)\n    at default_1 (/Users/maxgreenwald/.node_modules_global/lib/node_modules/pnpm/dist/pnpm.cjs:37978:32)\n    at /Users/maxgreenwald/.node_modules_global/lib/node_modules/pnpm/dist/pnpm.cjs:130156:39"
    }
  }
}